2021-05-02 20:54:39.213 DEBUG 2344 --- [main] s.w.r.r.m.a.RequestMappingHandlerMapping : 5 mappings in 'requestMappingHandlerMapping'
2021-05-02 20:54:39.711 DEBUG 2344 --- [main] o.s.w.r.handler.SimpleUrlHandlerMapping  : Patterns [/webjars/**, /**, /swagger-ui/**] in 'resourceHandlerMapping'
2021-05-02 20:54:39.761 DEBUG 2344 --- [main] o.s.w.r.r.m.a.ControllerMethodResolver   : ControllerAdvice beans: none
2021-05-02 20:54:39.828 DEBUG 2344 --- [main] o.s.w.s.adapter.HttpWebHandlerAdapter    : enableLoggingRequestDetails='false': form data and headers will be masked to prevent unsafe logging of potentially sensitive data
2021-05-02 20:55:04.446 DEBUG 2344 --- [reactor-http-nio-3] o.s.w.s.adapter.HttpWebHandlerAdapter    : [140892ab-1, L:/0:0:0:0:0:0:0:1:8085 - R:/0:0:0:0:0:0:0:1:61409] HTTP GET "/swagger-ui/"
2021-05-02 20:55:04.487 DEBUG 2344 --- [reactor-http-nio-3] o.s.w.r.handler.SimpleUrlHandlerMapping  : [140892ab-1, L:/0:0:0:0:0:0:0:1:8085 - R:/0:0:0:0:0:0:0:1:61409] Mapped to ResourceWebHandler ["classpath:/META-INF/resources/webjars/springfox-swagger-ui/"]
2021-05-02 20:55:04.621 DEBUG 2344 --- [reactor-http-nio-3] o.s.w.s.adapter.HttpWebHandlerAdapter    : [140892ab-1, L:/0:0:0:0:0:0:0:1:8085 - R:/0:0:0:0:0:0:0:1:61409] Completed 200 OK
2021-05-02 20:55:04.669 DEBUG 2344 --- [reactor-http-nio-3] o.s.w.s.adapter.HttpWebHandlerAdapter    : [140892ab-2, L:/0:0:0:0:0:0:0:1:8085 - R:/0:0:0:0:0:0:0:1:61409] HTTP GET "/swagger-ui/springfox.css?v=3.0.0"
2021-05-02 20:55:04.672 DEBUG 2344 --- [reactor-http-nio-3] o.s.w.r.handler.SimpleUrlHandlerMapping  : [140892ab-2, L:/0:0:0:0:0:0:0:1:8085 - R:/0:0:0:0:0:0:0:1:61409] Mapped to ResourceWebHandler ["classpath:/META-INF/resources/webjars/springfox-swagger-ui/"]
2021-05-02 20:55:04.677 DEBUG 2344 --- [reactor-http-nio-3] o.s.w.s.adapter.HttpWebHandlerAdapter    : [140892ab-2, L:/0:0:0:0:0:0:0:1:8085 - R:/0:0:0:0:0:0:0:1:61409] Completed 200 OK
2021-05-02 20:55:04.684 DEBUG 2344 --- [reactor-http-nio-2] o.s.w.s.adapter.HttpWebHandlerAdapter    : [b0080c61-1, L:/0:0:0:0:0:0:0:1:8085 - R:/0:0:0:0:0:0:0:1:61408] HTTP GET "/swagger-ui/swagger-ui.css?v=3.0.0"
2021-05-02 20:55:04.686 DEBUG 2344 --- [reactor-http-nio-2] o.s.w.r.handler.SimpleUrlHandlerMapping  : [b0080c61-1, L:/0:0:0:0:0:0:0:1:8085 - R:/0:0:0:0:0:0:0:1:61408] Mapped to ResourceWebHandler ["classpath:/META-INF/resources/webjars/springfox-swagger-ui/"]
2021-05-02 20:55:04.689 DEBUG 2344 --- [reactor-http-nio-1] o.s.w.s.adapter.HttpWebHandlerAdapter    : [e167f434-1, L:/0:0:0:0:0:0:0:1:8085 - R:/0:0:0:0:0:0:0:1:61415] HTTP GET "/swagger-ui/swagger-ui-bundle.js?v=3.0.0"
2021-05-02 20:55:04.691 DEBUG 2344 --- [reactor-http-nio-1] o.s.w.r.handler.SimpleUrlHandlerMapping  : [e167f434-1, L:/0:0:0:0:0:0:0:1:8085 - R:/0:0:0:0:0:0:0:1:61415] Mapped to ResourceWebHandler ["classpath:/META-INF/resources/webjars/springfox-swagger-ui/"]
2021-05-02 20:55:04.720 DEBUG 2344 --- [reactor-http-nio-2] o.s.w.s.adapter.HttpWebHandlerAdapter    : [b0080c61-1, L:/0:0:0:0:0:0:0:1:8085 - R:/0:0:0:0:0:0:0:1:61408] Completed 200 OK
2021-05-02 20:55:04.750 DEBUG 2344 --- [reactor-http-nio-4] o.s.w.s.adapter.HttpWebHandlerAdapter    : [8ac5d0a1-1, L:/0:0:0:0:0:0:0:1:8085 - R:/0:0:0:0:0:0:0:1:61414] HTTP GET "/swagger-ui/swagger-ui-standalone-preset.js?v=3.0.0"
2021-05-02 20:55:04.752 DEBUG 2344 --- [reactor-http-nio-4] o.s.w.r.handler.SimpleUrlHandlerMapping  : [8ac5d0a1-1, L:/0:0:0:0:0:0:0:1:8085 - R:/0:0:0:0:0:0:0:1:61414] Mapped to ResourceWebHandler ["classpath:/META-INF/resources/webjars/springfox-swagger-ui/"]
2021-05-02 20:55:04.801 DEBUG 2344 --- [reactor-http-nio-1] o.s.w.s.adapter.HttpWebHandlerAdapter    : [e167f434-1, L:/0:0:0:0:0:0:0:1:8085 - R:/0:0:0:0:0:0:0:1:61415] Completed 200 OK
2021-05-02 20:55:04.787 DEBUG 2344 --- [reactor-http-nio-4] o.s.w.s.adapter.HttpWebHandlerAdapter    : [8ac5d0a1-1, L:/0:0:0:0:0:0:0:1:8085 - R:/0:0:0:0:0:0:0:1:61414] Completed 200 OK
2021-05-02 20:55:04.824 DEBUG 2344 --- [reactor-http-nio-2] o.s.w.s.adapter.HttpWebHandlerAdapter    : [e328048c-1, L:/0:0:0:0:0:0:0:1:8085 - R:/0:0:0:0:0:0:0:1:61416] HTTP GET "/swagger-ui/springfox.js?v=3.0.0"
2021-05-02 20:55:04.825 DEBUG 2344 --- [reactor-http-nio-2] o.s.w.r.handler.SimpleUrlHandlerMapping  : [e328048c-1, L:/0:0:0:0:0:0:0:1:8085 - R:/0:0:0:0:0:0:0:1:61416] Mapped to ResourceWebHandler ["classpath:/META-INF/resources/webjars/springfox-swagger-ui/"]
2021-05-02 20:55:04.835 DEBUG 2344 --- [reactor-http-nio-2] o.s.w.s.adapter.HttpWebHandlerAdapter    : [e328048c-1, L:/0:0:0:0:0:0:0:1:8085 - R:/0:0:0:0:0:0:0:1:61416] Completed 200 OK
2021-05-02 20:55:05.042 DEBUG 2344 --- [reactor-http-nio-1] o.s.w.s.adapter.HttpWebHandlerAdapter    : [e167f434-2, L:/0:0:0:0:0:0:0:1:8085 - R:/0:0:0:0:0:0:0:1:61415] HTTP GET "/swagger-resources/configuration/ui"
2021-05-02 20:55:05.045 DEBUG 2344 --- [reactor-http-nio-2] o.s.w.s.adapter.HttpWebHandlerAdapter    : [e328048c-2, L:/0:0:0:0:0:0:0:1:8085 - R:/0:0:0:0:0:0:0:1:61416] HTTP GET "/swagger-ui/favicon-32x32.png?v=3.0.0"
2021-05-02 20:55:05.046 DEBUG 2344 --- [reactor-http-nio-1] s.w.r.r.m.a.RequestMappingHandlerMapping : [e167f434-2, L:/0:0:0:0:0:0:0:1:8085 - R:/0:0:0:0:0:0:0:1:61415] Mapped to springfox.documentation.swagger.web.ApiResourceController#uiConfiguration()
2021-05-02 20:55:05.047 DEBUG 2344 --- [reactor-http-nio-2] o.s.w.r.handler.SimpleUrlHandlerMapping  : [e328048c-2, L:/0:0:0:0:0:0:0:1:8085 - R:/0:0:0:0:0:0:0:1:61416] Mapped to ResourceWebHandler ["classpath:/META-INF/resources/webjars/springfox-swagger-ui/"]
2021-05-02 20:55:05.061 DEBUG 2344 --- [reactor-http-nio-2] o.s.w.s.adapter.HttpWebHandlerAdapter    : [e328048c-2, L:/0:0:0:0:0:0:0:1:8085 - R:/0:0:0:0:0:0:0:1:61416] Completed 200 OK
2021-05-02 20:55:05.082 DEBUG 2344 --- [reactor-http-nio-1] .s.w.r.r.m.a.ResponseEntityResultHandler : [e167f434-2, L:/0:0:0:0:0:0:0:1:8085 - R:/0:0:0:0:0:0:0:1:61415] Using 'application/json' given [application/json] and supported [application/json]
2021-05-02 20:55:05.082 DEBUG 2344 --- [reactor-http-nio-1] .s.w.r.r.m.a.ResponseEntityResultHandler : [e167f434-2, L:/0:0:0:0:0:0:0:1:8085 - R:/0:0:0:0:0:0:0:1:61415] 0..1 [springfox.documentation.swagger.web.UiConfiguration]
2021-05-02 20:55:05.187 DEBUG 2344 --- [reactor-http-nio-1] org.springframework.web.HttpLogging      : [e167f434-2, L:/0:0:0:0:0:0:0:1:8085 - R:/0:0:0:0:0:0:0:1:61415] Encoding [springfox.documentation.swagger.web.UiConfiguration@16c4f41d]
2021-05-02 20:55:05.238 DEBUG 2344 --- [reactor-http-nio-1] o.s.w.s.adapter.HttpWebHandlerAdapter    : [e167f434-2, L:/0:0:0:0:0:0:0:1:8085 - R:/0:0:0:0:0:0:0:1:61415] Completed 200 OK
2021-05-02 20:55:05.258 DEBUG 2344 --- [reactor-http-nio-1] o.s.w.s.adapter.HttpWebHandlerAdapter    : [e167f434-3, L:/0:0:0:0:0:0:0:1:8085 - R:/0:0:0:0:0:0:0:1:61415] HTTP GET "/swagger-resources/configuration/security"
2021-05-02 20:55:05.259 DEBUG 2344 --- [reactor-http-nio-1] s.w.r.r.m.a.RequestMappingHandlerMapping : [e167f434-3, L:/0:0:0:0:0:0:0:1:8085 - R:/0:0:0:0:0:0:0:1:61415] Mapped to springfox.documentation.swagger.web.ApiResourceController#securityConfiguration()
2021-05-02 20:55:05.260 DEBUG 2344 --- [reactor-http-nio-1] .s.w.r.r.m.a.ResponseEntityResultHandler : [e167f434-3, L:/0:0:0:0:0:0:0:1:8085 - R:/0:0:0:0:0:0:0:1:61415] Using 'application/json' given [application/json] and supported [application/json]
2021-05-02 20:55:05.260 DEBUG 2344 --- [reactor-http-nio-1] .s.w.r.r.m.a.ResponseEntityResultHandler : [e167f434-3, L:/0:0:0:0:0:0:0:1:8085 - R:/0:0:0:0:0:0:0:1:61415] 0..1 [springfox.documentation.swagger.web.SecurityConfiguration]
2021-05-02 20:55:05.270 DEBUG 2344 --- [reactor-http-nio-1] org.springframework.web.HttpLogging      : [e167f434-3, L:/0:0:0:0:0:0:0:1:8085 - R:/0:0:0:0:0:0:0:1:61415] Encoding [springfox.documentation.swagger.web.SecurityConfiguration@23982688]
2021-05-02 20:55:05.272 DEBUG 2344 --- [reactor-http-nio-1] o.s.w.s.adapter.HttpWebHandlerAdapter    : [e167f434-3, L:/0:0:0:0:0:0:0:1:8085 - R:/0:0:0:0:0:0:0:1:61415] Completed 200 OK
2021-05-02 20:55:05.284 DEBUG 2344 --- [reactor-http-nio-1] o.s.w.s.adapter.HttpWebHandlerAdapter    : [e167f434-4, L:/0:0:0:0:0:0:0:1:8085 - R:/0:0:0:0:0:0:0:1:61415] HTTP GET "/swagger-resources"
2021-05-02 20:55:05.285 DEBUG 2344 --- [reactor-http-nio-1] s.w.r.r.m.a.RequestMappingHandlerMapping : [e167f434-4, L:/0:0:0:0:0:0:0:1:8085 - R:/0:0:0:0:0:0:0:1:61415] Mapped to springfox.documentation.swagger.web.ApiResourceController#swaggerResources()
2021-05-02 20:55:05.286 DEBUG 2344 --- [reactor-http-nio-1] .s.w.r.r.m.a.ResponseEntityResultHandler : [e167f434-4, L:/0:0:0:0:0:0:0:1:8085 - R:/0:0:0:0:0:0:0:1:61415] Using 'application/json' given [application/json] and supported [application/json]
2021-05-02 20:55:05.287 DEBUG 2344 --- [reactor-http-nio-1] .s.w.r.r.m.a.ResponseEntityResultHandler : [e167f434-4, L:/0:0:0:0:0:0:0:1:8085 - R:/0:0:0:0:0:0:0:1:61415] 0..1 [java.util.List<springfox.documentation.swagger.web.SwaggerResource>]
2021-05-02 20:55:05.292 DEBUG 2344 --- [reactor-http-nio-1] org.springframework.web.HttpLogging      : [e167f434-4, L:/0:0:0:0:0:0:0:1:8085 - R:/0:0:0:0:0:0:0:1:61415] Encoding [[springfox.documentation.swagger.web.SwaggerResource@23842241]]
2021-05-02 20:55:05.298 DEBUG 2344 --- [reactor-http-nio-1] o.s.w.s.adapter.HttpWebHandlerAdapter    : [e167f434-4, L:/0:0:0:0:0:0:0:1:8085 - R:/0:0:0:0:0:0:0:1:61415] Completed 200 OK
2021-05-02 20:55:05.364 DEBUG 2344 --- [reactor-http-nio-1] o.s.w.s.adapter.HttpWebHandlerAdapter    : [e167f434-5, L:/0:0:0:0:0:0:0:1:8085 - R:/0:0:0:0:0:0:0:1:61415] HTTP GET "/v3/api-docs"
2021-05-02 20:55:05.366 DEBUG 2344 --- [reactor-http-nio-1] s.w.r.r.m.a.RequestMappingHandlerMapping : [e167f434-5, L:/0:0:0:0:0:0:0:1:8085 - R:/0:0:0:0:0:0:0:1:61415] Mapped to springfox.documentation.oas.web.OpenApiControllerWebFlux#getDocumentation(String, ServerHttpRequest)
2021-05-02 20:55:05.454 DEBUG 2344 --- [reactor-http-nio-1] .s.w.r.r.m.a.ResponseEntityResultHandler : [e167f434-5, L:/0:0:0:0:0:0:0:1:8085 - R:/0:0:0:0:0:0:0:1:61415] Using 'application/json' given [application/json, */*] and supported [application/json, application/hal+json]
2021-05-02 20:55:05.455 DEBUG 2344 --- [reactor-http-nio-1] .s.w.r.r.m.a.ResponseEntityResultHandler : [e167f434-5, L:/0:0:0:0:0:0:0:1:8085 - R:/0:0:0:0:0:0:0:1:61415] 0..1 [springfox.documentation.spring.web.json.Json]
2021-05-02 20:55:05.459 DEBUG 2344 --- [reactor-http-nio-1] org.springframework.web.HttpLogging      : [e167f434-5, L:/0:0:0:0:0:0:0:1:8085 - R:/0:0:0:0:0:0:0:1:61415] Encoding [springfox.documentation.spring.web.json.Json@417a7844]
2021-05-02 20:55:05.494 DEBUG 2344 --- [reactor-http-nio-1] o.s.w.s.adapter.HttpWebHandlerAdapter    : [e167f434-5, L:/0:0:0:0:0:0:0:1:8085 - R:/0:0:0:0:0:0:0:1:61415] Completed 200 OK
